<?xml version="1.0" encoding="UTF-8"?>
<!-- Generated by org.testng.reporters.JUnitReportReporter -->
<testsuite skipped="0" hostname="Andrei" name="com.facebook.tests.FBTest" tests="1" failures="0" timestamp="19 сен 2018 08:04:26 GMT" time="29.784" errors="0">
  <testcase name="abc" time="29.784" classname="com.facebook.tests.FBTest"/>
</testsuite> <!-- com.facebook.tests.FBTest -->
