<?xml version="1.0" encoding="UTF-8"?>
<!-- Generated by org.testng.reporters.JUnitReportReporter -->
<testsuite skipped="0" hostname="Andrei" name="com.facebook.tests.FaceBookLoginTest" tests="1" failures="0" timestamp="17 сен 2018 13:56:11 GMT" time="31.453" errors="0">
  <testcase name="run" time="31.453" classname="com.facebook.tests.FaceBookLoginTest"/>
</testsuite> <!-- com.facebook.tests.FaceBookLoginTest -->
