<?xml version="1.0" encoding="UTF-8"?>
<!-- Generated by org.testng.reporters.JUnitReportReporter -->
<testsuite skipped="0" hostname="Andrei" name="com.facebook.tests.FaceBookSignUpTest" tests="1" failures="0" timestamp="24 сен 2018 12:52:37 GMT" time="16.132" errors="0">
  <testcase name="run" time="16.132" classname="com.facebook.tests.FaceBookSignUpTest"/>
</testsuite> <!-- com.facebook.tests.FaceBookSignUpTest -->
