<?xml version="1.0" encoding="UTF-8"?>
<!-- Generated by org.testng.reporters.JUnitReportReporter -->
<testsuite skipped="0" hostname="Andrei" name="com.facebook.tests.FacebookHomePageTest" tests="1" failures="0" timestamp="01 окт 2018 16:27:15 GMT" time="16.969" errors="0">
  <testcase name="testHomePage" time="16.969" classname="com.facebook.tests.FacebookHomePageTest"/>
</testsuite> <!-- com.facebook.tests.FacebookHomePageTest -->
