<?xml version="1.0" encoding="UTF-8"?>
<!-- Generated by org.testng.reporters.JUnitReportReporter -->
<testsuite skipped="0" hostname="Andrei" name="com.facebook.tests.FacebookSearchTest" tests="2" failures="0" timestamp="01 окт 2018 16:27:15 GMT" time="122.762" errors="0">
  <testcase name="testSearch" time="66.971" classname="com.facebook.tests.FacebookSearchTest"/>
  <testcase name="testSearch" time="55.791" classname="com.facebook.tests.FacebookSearchTest"/>
</testsuite> <!-- com.facebook.tests.FacebookSearchTest -->
