<?xml version="1.0" encoding="UTF-8"?>
<!-- Generated by org.testng.reporters.JUnitReportReporter -->
<testsuite skipped="0" hostname="Andrei" name="com.facebook.tests.SimpleTest" tests="1" failures="0" timestamp="19 сен 2018 17:39:29 GMT" time="16.980" errors="0">
  <testcase name="test" time="16.980" classname="com.facebook.tests.SimpleTest"/>
</testsuite> <!-- com.facebook.tests.SimpleTest -->
